2025-01-05 17:26:21,316 - MainThread - sqlmesh.core.config.connection - INFO - Creating new DuckDB adapter for data files: {'db.db'} (connection.py:315)
2025-01-05 17:26:22,583 - MainThread - sqlmesh.core.config.connection - INFO - Creating new DuckDB adapter for in-memory database (connection.py:317)
2025-01-05 17:26:22,684 - MainThread - sqlmesh.core.config.connection - INFO - Using existing DuckDB adapter due to overlapping data file: db.db (connection.py:311)
2025-01-05 17:30:17,195 - MainThread - sqlmesh.core.snapshot.evaluator - INFO - Listing data objects in schema db.sqlmesh__sqlmesh_example (evaluator.py:303)
2025-01-05 17:30:17,196 - MainThread - sqlmesh.core.engine_adapter.base - INFO - Executing SQL: SELECT CURRENT_CATALOG() (base.py:2070)
2025-01-05 17:30:17,198 - MainThread - sqlmesh.core.engine_adapter.base - INFO - Executing SQL: SELECT CURRENT_CATALOG() (base.py:2070)
2025-01-05 17:30:17,201 - MainThread - sqlmesh.core.engine_adapter.base - INFO - Executing SQL: SELECT table_name AS name, table_schema AS schema, CASE table_type WHEN 'BASE TABLE' THEN 'table' WHEN 'VIEW' THEN 'view' WHEN 'LOCAL TEMPORARY' THEN 'table' END AS type FROM information_schema.tables WHERE (table_catalog = 'db' AND table_schema = 'sqlmesh__sqlmesh_example') AND table_name IN ('sqlmesh_example__full_model__2278521865__temp', 'sqlmesh_example__full_model__2278521865', 'sqlmesh_example__seed_model__2185867172', 'sqlmesh_example__incremental_model__772980299') (base.py:2070)
2025-01-05 17:30:17,254 - MainThread - sqlmesh.core.snapshot.evaluator - INFO - Creating schema 'db.sqlmesh__sqlmesh_example' (evaluator.py:976)
2025-01-05 17:30:17,255 - MainThread - sqlmesh.core.engine_adapter.base - INFO - Executing SQL: CREATE SCHEMA IF NOT EXISTS "db"."sqlmesh__sqlmesh_example" (base.py:2070)
2025-01-05 17:30:17,280 - MainThread - sqlmesh.core.snapshot.evaluator - INFO - Creating table 'db.sqlmesh__sqlmesh_example.sqlmesh_example__incremental_model__772980299' (evaluator.py:1281)
2025-01-05 17:30:17,283 - MainThread - sqlmesh.core.engine_adapter.base - INFO - Executing SQL: CREATE TABLE IF NOT EXISTS "db"."sqlmesh__sqlmesh_example"."sqlmesh_example__incremental_model__772980299" ("id" INT, "item_id" INT, "new_column" TEXT, "event_date" DATE) (base.py:2070)
2025-01-05 17:30:17,289 - MainThread - sqlmesh.core.engine_adapter.base - INFO - Executing SQL: COMMENT ON COLUMN "db"."sqlmesh__sqlmesh_example"."sqlmesh_example__incremental_model__772980299"."new_column" IS 'Added column' (base.py:2070)
2025-01-05 17:30:17,294 - MainThread - sqlmesh.core.snapshot.evaluator - INFO - Dry running model 'sqlmesh_example.incremental_model' (evaluator.py:1303)
2025-01-05 17:30:17,296 - MainThread - sqlmesh.core.engine_adapter.base - INFO - Executing SQL: SELECT "seed_model"."id" AS "id", "seed_model"."item_id" AS "item_id", 'z' AS "new_column", "seed_model"."event_date" AS "event_date" FROM "db"."sqlmesh__sqlmesh_example"."sqlmesh_example__seed_model__2185867172" AS "seed_model" WHERE ("seed_model"."event_date" <= CAST('1970-01-01' AS DATE) AND "seed_model"."event_date" >= CAST('1970-01-01' AS DATE)) AND FALSE LIMIT 0 (base.py:2070)
2025-01-05 17:30:17,307 - MainThread - sqlmesh.core.snapshot.evaluator - INFO - Creating table 'db.sqlmesh__sqlmesh_example.sqlmesh_example__full_model__2278521865__temp' (evaluator.py:1281)
2025-01-05 17:30:17,309 - MainThread - sqlmesh.core.engine_adapter.base - INFO - Executing SQL: CREATE TABLE IF NOT EXISTS "db"."sqlmesh__sqlmesh_example"."sqlmesh_example__full_model__2278521865__temp" ("item_id" INT, "num_orders" BIGINT) (base.py:2070)
2025-01-05 17:30:17,314 - MainThread - sqlmesh.core.snapshot.evaluator - INFO - Dry running model 'sqlmesh_example.full_model' (evaluator.py:1303)
2025-01-05 17:30:17,316 - MainThread - sqlmesh.core.engine_adapter.base - INFO - Executing SQL: SELECT "incremental_model"."item_id" AS "item_id", COUNT(DISTINCT "incremental_model"."id") AS "num_orders" FROM "db"."sqlmesh__sqlmesh_example"."sqlmesh_example__incremental_model__772980299" AS "incremental_model" WHERE FALSE GROUP BY "incremental_model"."item_id" LIMIT 0 (base.py:2070)
2025-01-05 17:30:17,383 - MainThread - sqlmesh.core.snapshot.evaluator - INFO - Evaluating snapshot SnapshotId<"db"."sqlmesh_example"."incremental_model": 666059090> (evaluator.py:564)
2025-01-05 17:30:17,399 - MainThread - sqlmesh.core.snapshot.evaluator - INFO - Inserting batch (2020-01-01 00:00:00, 2024-12-31 00:00:00) into db.sqlmesh__sqlmesh_example.sqlmesh_example__incremental_model__772980299' (evaluator.py:595)
2025-01-05 17:30:17,402 - MainThread - sqlmesh.core.engine_adapter.base - INFO - Executing SQL: DELETE FROM "db"."sqlmesh__sqlmesh_example"."sqlmesh_example__incremental_model__772980299" WHERE "event_date" BETWEEN CAST('2020-01-01' AS DATE) AND CAST('2024-12-30' AS DATE) (base.py:2070)
2025-01-05 17:30:17,406 - MainThread - sqlmesh.core.engine_adapter.base - INFO - Executing SQL: INSERT INTO "db"."sqlmesh__sqlmesh_example"."sqlmesh_example__incremental_model__772980299" ("id", "item_id", "new_column", "event_date") SELECT "id", "item_id", "new_column", "event_date" FROM (SELECT "seed_model"."id" AS "id", "seed_model"."item_id" AS "item_id", 'z' AS "new_column", "seed_model"."event_date" AS "event_date" FROM "db"."sqlmesh__sqlmesh_example"."sqlmesh_example__seed_model__2185867172" AS "seed_model" WHERE "seed_model"."event_date" <= CAST('2024-12-30' AS DATE) AND "seed_model"."event_date" >= CAST('2020-01-01' AS DATE)) AS "_subquery" WHERE "event_date" BETWEEN CAST('2020-01-01' AS DATE) AND CAST('2024-12-30' AS DATE) (base.py:2070)
2025-01-05 17:30:17,545 - MainThread - sqlmesh.core.state_sync.engine_adapter - INFO - Adding interval (2020-01-01 00:00:00, 2024-12-31 00:00:00) for snapshot SnapshotId<"db"."sqlmesh_example"."incremental_model": 666059090> (engine_adapter.py:1006)
2025-01-05 17:30:17,592 - MainThread - sqlmesh.core.state_sync.engine_adapter - INFO - Promoting environment 'dev' (engine_adapter.py:276)
2025-01-05 17:30:17,651 - MainThread - sqlmesh.core.snapshot.evaluator - INFO - Creating schema 'db.sqlmesh_example__dev' (evaluator.py:976)
2025-01-05 17:30:17,652 - MainThread - sqlmesh.core.engine_adapter.base - INFO - Executing SQL: CREATE SCHEMA IF NOT EXISTS "db"."sqlmesh_example__dev" (base.py:2070)
2025-01-05 17:30:17,657 - MainThread - sqlmesh.core.snapshot.evaluator - INFO - Updating view 'db.sqlmesh_example__dev.incremental_model' to point at table 'db.sqlmesh__sqlmesh_example.sqlmesh_example__incremental_model__772980299' (evaluator.py:1247)
2025-01-05 17:30:17,659 - MainThread - sqlmesh.core.engine_adapter.base - INFO - Executing SQL: CREATE OR REPLACE VIEW "db"."sqlmesh_example__dev"."incremental_model" AS SELECT * FROM "db"."sqlmesh__sqlmesh_example"."sqlmesh_example__incremental_model__772980299" (base.py:2070)
2025-01-05 17:30:17,670 - MainThread - sqlmesh.core.snapshot.evaluator - INFO - Updating view 'db.sqlmesh_example__dev.full_model' to point at table 'db.sqlmesh__sqlmesh_example.sqlmesh_example__full_model__2278521865' (evaluator.py:1247)
2025-01-05 17:30:17,672 - MainThread - sqlmesh.core.engine_adapter.base - INFO - Executing SQL: CREATE OR REPLACE VIEW "db"."sqlmesh_example__dev"."full_model" AS SELECT * FROM "db"."sqlmesh__sqlmesh_example"."sqlmesh_example__full_model__2278521865" (base.py:2070)
2025-01-05 17:30:17,683 - MainThread - sqlmesh.core.state_sync.engine_adapter - INFO - Finalizing environment 'dev' (engine_adapter.py:397)
2025-01-05 17:30:17,757 - MainThread - root - INFO - Shutting down the event dispatcher (dispatcher.py:159)
