2024-12-31 15:03:02,393 - MainThread - sqlmesh.core.config.connection - INFO - Creating new DuckDB adapter for data files: {'db.db'} (connection.py:315)
2024-12-31 15:03:03,787 - MainThread - sqlmesh.core.config.connection - INFO - Creating new DuckDB adapter for in-memory database (connection.py:317)
2024-12-31 15:03:03,929 - MainThread - sqlmesh.core.config.connection - INFO - Using existing DuckDB adapter due to overlapping data file: db.db (connection.py:311)
2024-12-31 15:03:04,027 - MainThread - sqlmesh.core.state_sync.engine_adapter - INFO - Applying migration <module 'sqlmesh.migrations.v0001_init' from '/workspaces/sql_mesh_test_duckdb/.venv/lib/python3.11/site-packages/sqlmesh/migrations/v0001_init.py'> (engine_adapter.py:1443)
2024-12-31 15:03:04,054 - MainThread - sqlmesh.core.state_sync.engine_adapter - INFO - Applying migration <module 'sqlmesh.migrations.v0002_remove_identify' from '/workspaces/sql_mesh_test_duckdb/.venv/lib/python3.11/site-packages/sqlmesh/migrations/v0002_remove_identify.py'> (engine_adapter.py:1443)
2024-12-31 15:03:04,054 - MainThread - sqlmesh.core.state_sync.engine_adapter - INFO - Applying migration <module 'sqlmesh.migrations.v0003_move_batch_size' from '/workspaces/sql_mesh_test_duckdb/.venv/lib/python3.11/site-packages/sqlmesh/migrations/v0003_move_batch_size.py'> (engine_adapter.py:1443)
2024-12-31 15:03:04,057 - MainThread - sqlmesh.core.state_sync.engine_adapter - INFO - Applying migration <module 'sqlmesh.migrations.v0004_environmnent_add_finalized_at' from '/workspaces/sql_mesh_test_duckdb/.venv/lib/python3.11/site-packages/sqlmesh/migrations/v0004_environmnent_add_finalized_at.py'> (engine_adapter.py:1443)
2024-12-31 15:03:04,064 - MainThread - sqlmesh.core.state_sync.engine_adapter - INFO - Applying migration <module 'sqlmesh.migrations.v0005_create_seed_table' from '/workspaces/sql_mesh_test_duckdb/.venv/lib/python3.11/site-packages/sqlmesh/migrations/v0005_create_seed_table.py'> (engine_adapter.py:1443)
2024-12-31 15:03:04,070 - MainThread - sqlmesh.core.state_sync.engine_adapter - INFO - Applying migration <module 'sqlmesh.migrations.v0006_change_seed_hash' from '/workspaces/sql_mesh_test_duckdb/.venv/lib/python3.11/site-packages/sqlmesh/migrations/v0006_change_seed_hash.py'> (engine_adapter.py:1443)
2024-12-31 15:03:04,070 - MainThread - sqlmesh.core.state_sync.engine_adapter - INFO - Applying migration <module 'sqlmesh.migrations.v0007_env_table_info_to_kind' from '/workspaces/sql_mesh_test_duckdb/.venv/lib/python3.11/site-packages/sqlmesh/migrations/v0007_env_table_info_to_kind.py'> (engine_adapter.py:1443)
2024-12-31 15:03:04,075 - MainThread - sqlmesh.core.state_sync.engine_adapter - INFO - Applying migration <module 'sqlmesh.migrations.v0008_create_intervals_table' from '/workspaces/sql_mesh_test_duckdb/.venv/lib/python3.11/site-packages/sqlmesh/migrations/v0008_create_intervals_table.py'> (engine_adapter.py:1443)
2024-12-31 15:03:04,083 - MainThread - sqlmesh.core.state_sync.engine_adapter - INFO - Applying migration <module 'sqlmesh.migrations.v0009_remove_pre_post_hooks' from '/workspaces/sql_mesh_test_duckdb/.venv/lib/python3.11/site-packages/sqlmesh/migrations/v0009_remove_pre_post_hooks.py'> (engine_adapter.py:1443)
2024-12-31 15:03:04,086 - MainThread - sqlmesh.core.state_sync.engine_adapter - INFO - Applying migration <module 'sqlmesh.migrations.v0010_seed_hash_batch_size' from '/workspaces/sql_mesh_test_duckdb/.venv/lib/python3.11/site-packages/sqlmesh/migrations/v0010_seed_hash_batch_size.py'> (engine_adapter.py:1443)
2024-12-31 15:03:04,086 - MainThread - sqlmesh.core.state_sync.engine_adapter - INFO - Applying migration <module 'sqlmesh.migrations.v0011_add_model_kind_name' from '/workspaces/sql_mesh_test_duckdb/.venv/lib/python3.11/site-packages/sqlmesh/migrations/v0011_add_model_kind_name.py'> (engine_adapter.py:1443)
2024-12-31 15:03:04,093 - MainThread - sqlmesh.core.state_sync.engine_adapter - INFO - Applying migration <module 'sqlmesh.migrations.v0012_update_jinja_expressions' from '/workspaces/sql_mesh_test_duckdb/.venv/lib/python3.11/site-packages/sqlmesh/migrations/v0012_update_jinja_expressions.py'> (engine_adapter.py:1443)
2024-12-31 15:03:04,096 - MainThread - sqlmesh.core.state_sync.engine_adapter - INFO - Applying migration <module 'sqlmesh.migrations.v0013_serde_using_model_dialects' from '/workspaces/sql_mesh_test_duckdb/.venv/lib/python3.11/site-packages/sqlmesh/migrations/v0013_serde_using_model_dialects.py'> (engine_adapter.py:1443)
2024-12-31 15:03:04,098 - MainThread - sqlmesh.core.state_sync.engine_adapter - INFO - Applying migration <module 'sqlmesh.migrations.v0014_fix_dev_intervals' from '/workspaces/sql_mesh_test_duckdb/.venv/lib/python3.11/site-packages/sqlmesh/migrations/v0014_fix_dev_intervals.py'> (engine_adapter.py:1443)
2024-12-31 15:03:04,103 - MainThread - sqlmesh.core.state_sync.engine_adapter - INFO - Applying migration <module 'sqlmesh.migrations.v0015_environment_add_promoted_snapshot_ids' from '/workspaces/sql_mesh_test_duckdb/.venv/lib/python3.11/site-packages/sqlmesh/migrations/v0015_environment_add_promoted_snapshot_ids.py'> (engine_adapter.py:1443)
2024-12-31 15:03:04,109 - MainThread - sqlmesh.core.state_sync.engine_adapter - INFO - Applying migration <module 'sqlmesh.migrations.v0016_fix_windows_path' from '/workspaces/sql_mesh_test_duckdb/.venv/lib/python3.11/site-packages/sqlmesh/migrations/v0016_fix_windows_path.py'> (engine_adapter.py:1443)
2024-12-31 15:03:04,111 - MainThread - sqlmesh.core.state_sync.engine_adapter - INFO - Applying migration <module 'sqlmesh.migrations.v0017_fix_windows_seed_path' from '/workspaces/sql_mesh_test_duckdb/.venv/lib/python3.11/site-packages/sqlmesh/migrations/v0017_fix_windows_seed_path.py'> (engine_adapter.py:1443)
2024-12-31 15:03:04,114 - MainThread - sqlmesh.core.state_sync.engine_adapter - INFO - Applying migration <module 'sqlmesh.migrations.v0018_rename_snapshot_model_to_node' from '/workspaces/sql_mesh_test_duckdb/.venv/lib/python3.11/site-packages/sqlmesh/migrations/v0018_rename_snapshot_model_to_node.py'> (engine_adapter.py:1443)
2024-12-31 15:03:04,116 - MainThread - sqlmesh.core.state_sync.engine_adapter - INFO - Applying migration <module 'sqlmesh.migrations.v0019_add_env_suffix_target' from '/workspaces/sql_mesh_test_duckdb/.venv/lib/python3.11/site-packages/sqlmesh/migrations/v0019_add_env_suffix_target.py'> (engine_adapter.py:1443)
2024-12-31 15:03:04,124 - MainThread - sqlmesh.core.state_sync.engine_adapter - INFO - Applying migration <module 'sqlmesh.migrations.v0020_remove_redundant_attributes_from_dbt_models' from '/workspaces/sql_mesh_test_duckdb/.venv/lib/python3.11/site-packages/sqlmesh/migrations/v0020_remove_redundant_attributes_from_dbt_models.py'> (engine_adapter.py:1443)
2024-12-31 15:03:04,127 - MainThread - sqlmesh.core.state_sync.engine_adapter - INFO - Applying migration <module 'sqlmesh.migrations.v0021_fix_table_properties' from '/workspaces/sql_mesh_test_duckdb/.venv/lib/python3.11/site-packages/sqlmesh/migrations/v0021_fix_table_properties.py'> (engine_adapter.py:1443)
2024-12-31 15:03:04,129 - MainThread - sqlmesh.core.state_sync.engine_adapter - INFO - Applying migration <module 'sqlmesh.migrations.v0022_move_project_to_model' from '/workspaces/sql_mesh_test_duckdb/.venv/lib/python3.11/site-packages/sqlmesh/migrations/v0022_move_project_to_model.py'> (engine_adapter.py:1443)
2024-12-31 15:03:04,133 - MainThread - sqlmesh.core.state_sync.engine_adapter - INFO - Applying migration <module 'sqlmesh.migrations.v0023_fix_added_models_with_forward_only_parents' from '/workspaces/sql_mesh_test_duckdb/.venv/lib/python3.11/site-packages/sqlmesh/migrations/v0023_fix_added_models_with_forward_only_parents.py'> (engine_adapter.py:1443)
2024-12-31 15:03:04,135 - MainThread - sqlmesh.core.state_sync.engine_adapter - INFO - Applying migration <module 'sqlmesh.migrations.v0024_replace_model_kind_name_enum_with_value' from '/workspaces/sql_mesh_test_duckdb/.venv/lib/python3.11/site-packages/sqlmesh/migrations/v0024_replace_model_kind_name_enum_with_value.py'> (engine_adapter.py:1443)
2024-12-31 15:03:04,137 - MainThread - sqlmesh.core.state_sync.engine_adapter - INFO - Applying migration <module 'sqlmesh.migrations.v0025_fix_intervals_and_missing_change_category' from '/workspaces/sql_mesh_test_duckdb/.venv/lib/python3.11/site-packages/sqlmesh/migrations/v0025_fix_intervals_and_missing_change_category.py'> (engine_adapter.py:1443)
2024-12-31 15:03:04,140 - MainThread - sqlmesh.core.state_sync.engine_adapter - INFO - Applying migration <module 'sqlmesh.migrations.v0026_remove_dialect_from_seed' from '/workspaces/sql_mesh_test_duckdb/.venv/lib/python3.11/site-packages/sqlmesh/migrations/v0026_remove_dialect_from_seed.py'> (engine_adapter.py:1443)
2024-12-31 15:03:04,142 - MainThread - sqlmesh.core.state_sync.engine_adapter - INFO - Applying migration <module 'sqlmesh.migrations.v0027_minute_interval_to_five' from '/workspaces/sql_mesh_test_duckdb/.venv/lib/python3.11/site-packages/sqlmesh/migrations/v0027_minute_interval_to_five.py'> (engine_adapter.py:1443)
2024-12-31 15:03:04,145 - MainThread - sqlmesh.core.state_sync.engine_adapter - INFO - Applying migration <module 'sqlmesh.migrations.v0028_add_plan_dags_table' from '/workspaces/sql_mesh_test_duckdb/.venv/lib/python3.11/site-packages/sqlmesh/migrations/v0028_add_plan_dags_table.py'> (engine_adapter.py:1443)
2024-12-31 15:03:04,152 - MainThread - sqlmesh.core.state_sync.engine_adapter - INFO - Applying migration <module 'sqlmesh.migrations.v0029_generate_schema_types_using_dialect' from '/workspaces/sql_mesh_test_duckdb/.venv/lib/python3.11/site-packages/sqlmesh/migrations/v0029_generate_schema_types_using_dialect.py'> (engine_adapter.py:1443)
2024-12-31 15:03:04,154 - MainThread - sqlmesh.core.state_sync.engine_adapter - INFO - Applying migration <module 'sqlmesh.migrations.v0030_update_unrestorable_snapshots' from '/workspaces/sql_mesh_test_duckdb/.venv/lib/python3.11/site-packages/sqlmesh/migrations/v0030_update_unrestorable_snapshots.py'> (engine_adapter.py:1443)
2024-12-31 15:03:04,157 - MainThread - sqlmesh.core.state_sync.engine_adapter - INFO - Applying migration <module 'sqlmesh.migrations.v0031_remove_dbt_target_fields' from '/workspaces/sql_mesh_test_duckdb/.venv/lib/python3.11/site-packages/sqlmesh/migrations/v0031_remove_dbt_target_fields.py'> (engine_adapter.py:1443)
2024-12-31 15:03:04,160 - MainThread - sqlmesh.core.state_sync.engine_adapter - INFO - Applying migration <module 'sqlmesh.migrations.v0032_add_sqlmesh_version' from '/workspaces/sql_mesh_test_duckdb/.venv/lib/python3.11/site-packages/sqlmesh/migrations/v0032_add_sqlmesh_version.py'> (engine_adapter.py:1443)
2024-12-31 15:03:04,166 - MainThread - sqlmesh.core.state_sync.engine_adapter - INFO - Applying migration <module 'sqlmesh.migrations.v0033_mysql_fix_blob_text_type' from '/workspaces/sql_mesh_test_duckdb/.venv/lib/python3.11/site-packages/sqlmesh/migrations/v0033_mysql_fix_blob_text_type.py'> (engine_adapter.py:1443)
2024-12-31 15:03:04,166 - MainThread - sqlmesh.core.state_sync.engine_adapter - INFO - Applying migration <module 'sqlmesh.migrations.v0034_add_default_catalog' from '/workspaces/sql_mesh_test_duckdb/.venv/lib/python3.11/site-packages/sqlmesh/migrations/v0034_add_default_catalog.py'> (engine_adapter.py:1443)
2024-12-31 15:03:04,178 - MainThread - sqlmesh.core.state_sync.engine_adapter - INFO - Applying migration <module 'sqlmesh.migrations.v0035_add_catalog_name_override' from '/workspaces/sql_mesh_test_duckdb/.venv/lib/python3.11/site-packages/sqlmesh/migrations/v0035_add_catalog_name_override.py'> (engine_adapter.py:1443)
2024-12-31 15:03:04,184 - MainThread - sqlmesh.core.state_sync.engine_adapter - INFO - Applying migration <module 'sqlmesh.migrations.v0036_delete_plan_dags_bug_fix' from '/workspaces/sql_mesh_test_duckdb/.venv/lib/python3.11/site-packages/sqlmesh/migrations/v0036_delete_plan_dags_bug_fix.py'> (engine_adapter.py:1443)
2024-12-31 15:03:04,186 - MainThread - sqlmesh.core.state_sync.engine_adapter - INFO - Applying migration <module 'sqlmesh.migrations.v0037_remove_dbt_is_incremental_macro' from '/workspaces/sql_mesh_test_duckdb/.venv/lib/python3.11/site-packages/sqlmesh/migrations/v0037_remove_dbt_is_incremental_macro.py'> (engine_adapter.py:1443)
2024-12-31 15:03:04,188 - MainThread - sqlmesh.core.state_sync.engine_adapter - INFO - Applying migration <module 'sqlmesh.migrations.v0038_add_expiration_ts_to_snapshot' from '/workspaces/sql_mesh_test_duckdb/.venv/lib/python3.11/site-packages/sqlmesh/migrations/v0038_add_expiration_ts_to_snapshot.py'> (engine_adapter.py:1443)
2024-12-31 15:03:04,196 - MainThread - sqlmesh.core.state_sync.engine_adapter - INFO - Applying migration <module 'sqlmesh.migrations.v0039_include_environment_in_plan_dag_spec' from '/workspaces/sql_mesh_test_duckdb/.venv/lib/python3.11/site-packages/sqlmesh/migrations/v0039_include_environment_in_plan_dag_spec.py'> (engine_adapter.py:1443)
2024-12-31 15:03:04,198 - MainThread - sqlmesh.core.state_sync.engine_adapter - INFO - Applying migration <module 'sqlmesh.migrations.v0040_add_previous_finalized_snapshots' from '/workspaces/sql_mesh_test_duckdb/.venv/lib/python3.11/site-packages/sqlmesh/migrations/v0040_add_previous_finalized_snapshots.py'> (engine_adapter.py:1443)
2024-12-31 15:03:04,204 - MainThread - sqlmesh.core.state_sync.engine_adapter - INFO - Applying migration <module 'sqlmesh.migrations.v0041_remove_hash_raw_query_attribute' from '/workspaces/sql_mesh_test_duckdb/.venv/lib/python3.11/site-packages/sqlmesh/migrations/v0041_remove_hash_raw_query_attribute.py'> (engine_adapter.py:1443)
2024-12-31 15:03:04,206 - MainThread - sqlmesh.core.state_sync.engine_adapter - INFO - Applying migration <module 'sqlmesh.migrations.v0042_trim_indirect_versions' from '/workspaces/sql_mesh_test_duckdb/.venv/lib/python3.11/site-packages/sqlmesh/migrations/v0042_trim_indirect_versions.py'> (engine_adapter.py:1443)
2024-12-31 15:03:04,209 - MainThread - sqlmesh.core.state_sync.engine_adapter - INFO - Applying migration <module 'sqlmesh.migrations.v0043_fix_remove_obsolete_attributes_in_plan_dags' from '/workspaces/sql_mesh_test_duckdb/.venv/lib/python3.11/site-packages/sqlmesh/migrations/v0043_fix_remove_obsolete_attributes_in_plan_dags.py'> (engine_adapter.py:1443)
2024-12-31 15:03:04,211 - MainThread - sqlmesh.core.state_sync.engine_adapter - INFO - Applying migration <module 'sqlmesh.migrations.v0044_quote_identifiers_in_model_attributes' from '/workspaces/sql_mesh_test_duckdb/.venv/lib/python3.11/site-packages/sqlmesh/migrations/v0044_quote_identifiers_in_model_attributes.py'> (engine_adapter.py:1443)
2024-12-31 15:03:04,211 - MainThread - sqlmesh.core.state_sync.engine_adapter - INFO - Applying migration <module 'sqlmesh.migrations.v0045_move_gateway_variable' from '/workspaces/sql_mesh_test_duckdb/.venv/lib/python3.11/site-packages/sqlmesh/migrations/v0045_move_gateway_variable.py'> (engine_adapter.py:1443)
2024-12-31 15:03:04,214 - MainThread - sqlmesh.core.state_sync.engine_adapter - INFO - Applying migration <module 'sqlmesh.migrations.v0046_add_batch_concurrency' from '/workspaces/sql_mesh_test_duckdb/.venv/lib/python3.11/site-packages/sqlmesh/migrations/v0046_add_batch_concurrency.py'> (engine_adapter.py:1443)
2024-12-31 15:03:04,215 - MainThread - sqlmesh.core.state_sync.engine_adapter - INFO - Applying migration <module 'sqlmesh.migrations.v0047_change_scd_string_to_column' from '/workspaces/sql_mesh_test_duckdb/.venv/lib/python3.11/site-packages/sqlmesh/migrations/v0047_change_scd_string_to_column.py'> (engine_adapter.py:1443)
2024-12-31 15:03:04,215 - MainThread - sqlmesh.core.state_sync.engine_adapter - INFO - Applying migration <module 'sqlmesh.migrations.v0048_drop_indirect_versions' from '/workspaces/sql_mesh_test_duckdb/.venv/lib/python3.11/site-packages/sqlmesh/migrations/v0048_drop_indirect_versions.py'> (engine_adapter.py:1443)
2024-12-31 15:03:04,218 - MainThread - sqlmesh.core.state_sync.engine_adapter - INFO - Applying migration <module 'sqlmesh.migrations.v0049_replace_identifier_with_version_in_seeds_table' from '/workspaces/sql_mesh_test_duckdb/.venv/lib/python3.11/site-packages/sqlmesh/migrations/v0049_replace_identifier_with_version_in_seeds_table.py'> (engine_adapter.py:1443)
2024-12-31 15:03:04,247 - MainThread - sqlmesh.core.state_sync.engine_adapter - INFO - Applying migration <module 'sqlmesh.migrations.v0050_drop_seeds_table' from '/workspaces/sql_mesh_test_duckdb/.venv/lib/python3.11/site-packages/sqlmesh/migrations/v0050_drop_seeds_table.py'> (engine_adapter.py:1443)
2024-12-31 15:03:04,252 - MainThread - sqlmesh.core.state_sync.engine_adapter - INFO - Applying migration <module 'sqlmesh.migrations.v0051_rename_column_descriptions' from '/workspaces/sql_mesh_test_duckdb/.venv/lib/python3.11/site-packages/sqlmesh/migrations/v0051_rename_column_descriptions.py'> (engine_adapter.py:1443)
2024-12-31 15:03:04,254 - MainThread - sqlmesh.core.state_sync.engine_adapter - INFO - Applying migration <module 'sqlmesh.migrations.v0052_add_normalize_name_in_environment_naming_info' from '/workspaces/sql_mesh_test_duckdb/.venv/lib/python3.11/site-packages/sqlmesh/migrations/v0052_add_normalize_name_in_environment_naming_info.py'> (engine_adapter.py:1443)
2024-12-31 15:03:04,262 - MainThread - sqlmesh.core.state_sync.engine_adapter - INFO - Applying migration <module 'sqlmesh.migrations.v0053_custom_model_kind_extra_attributes' from '/workspaces/sql_mesh_test_duckdb/.venv/lib/python3.11/site-packages/sqlmesh/migrations/v0053_custom_model_kind_extra_attributes.py'> (engine_adapter.py:1443)
2024-12-31 15:03:04,262 - MainThread - sqlmesh.core.state_sync.engine_adapter - INFO - Applying migration <module 'sqlmesh.migrations.v0054_fix_trailing_comments' from '/workspaces/sql_mesh_test_duckdb/.venv/lib/python3.11/site-packages/sqlmesh/migrations/v0054_fix_trailing_comments.py'> (engine_adapter.py:1443)
2024-12-31 15:03:04,262 - MainThread - sqlmesh.core.state_sync.engine_adapter - INFO - Applying migration <module 'sqlmesh.migrations.v0055_add_updated_ts_unpaused_ts_ttl_ms_unrestorable_to_snapshot' from '/workspaces/sql_mesh_test_duckdb/.venv/lib/python3.11/site-packages/sqlmesh/migrations/v0055_add_updated_ts_unpaused_ts_ttl_ms_unrestorable_to_snapshot.py'> (engine_adapter.py:1443)
2024-12-31 15:03:04,290 - MainThread - sqlmesh.core.state_sync.engine_adapter - INFO - Applying migration <module 'sqlmesh.migrations.v0056_restore_table_indexes' from '/workspaces/sql_mesh_test_duckdb/.venv/lib/python3.11/site-packages/sqlmesh/migrations/v0056_restore_table_indexes.py'> (engine_adapter.py:1443)
2024-12-31 15:03:04,291 - MainThread - sqlmesh.core.state_sync.engine_adapter - INFO - Applying migration <module 'sqlmesh.migrations.v0057_add_table_format' from '/workspaces/sql_mesh_test_duckdb/.venv/lib/python3.11/site-packages/sqlmesh/migrations/v0057_add_table_format.py'> (engine_adapter.py:1443)
2024-12-31 15:03:04,291 - MainThread - sqlmesh.core.state_sync.engine_adapter - INFO - Applying migration <module 'sqlmesh.migrations.v0058_add_requirements' from '/workspaces/sql_mesh_test_duckdb/.venv/lib/python3.11/site-packages/sqlmesh/migrations/v0058_add_requirements.py'> (engine_adapter.py:1443)
2024-12-31 15:03:04,296 - MainThread - sqlmesh.core.state_sync.engine_adapter - INFO - Applying migration <module 'sqlmesh.migrations.v0059_add_physical_version' from '/workspaces/sql_mesh_test_duckdb/.venv/lib/python3.11/site-packages/sqlmesh/migrations/v0059_add_physical_version.py'> (engine_adapter.py:1443)
2024-12-31 15:03:04,296 - MainThread - sqlmesh.core.state_sync.engine_adapter - INFO - Applying migration <module 'sqlmesh.migrations.v0060_move_audits_to_model' from '/workspaces/sql_mesh_test_duckdb/.venv/lib/python3.11/site-packages/sqlmesh/migrations/v0060_move_audits_to_model.py'> (engine_adapter.py:1443)
2024-12-31 15:03:04,299 - MainThread - sqlmesh.core.state_sync.engine_adapter - INFO - Applying migration <module 'sqlmesh.migrations.v0061_mysql_fix_blob_text_type' from '/workspaces/sql_mesh_test_duckdb/.venv/lib/python3.11/site-packages/sqlmesh/migrations/v0061_mysql_fix_blob_text_type.py'> (engine_adapter.py:1443)
2024-12-31 15:03:04,299 - MainThread - sqlmesh.core.state_sync.engine_adapter - INFO - Applying migration <module 'sqlmesh.migrations.v0062_add_model_gateway' from '/workspaces/sql_mesh_test_duckdb/.venv/lib/python3.11/site-packages/sqlmesh/migrations/v0062_add_model_gateway.py'> (engine_adapter.py:1443)
2024-12-31 15:03:04,299 - MainThread - sqlmesh.core.state_sync.engine_adapter - INFO - Applying migration <module 'sqlmesh.migrations.v0063_change_signals' from '/workspaces/sql_mesh_test_duckdb/.venv/lib/python3.11/site-packages/sqlmesh/migrations/v0063_change_signals.py'> (engine_adapter.py:1443)
2024-12-31 15:03:04,302 - MainThread - sqlmesh.core.state_sync.engine_adapter - INFO - Applying migration <module 'sqlmesh.migrations.v0064_join_when_matched_strings' from '/workspaces/sql_mesh_test_duckdb/.venv/lib/python3.11/site-packages/sqlmesh/migrations/v0064_join_when_matched_strings.py'> (engine_adapter.py:1443)
2024-12-31 15:03:04,304 - MainThread - sqlmesh.core.state_sync.engine_adapter - INFO - Applying migration <module 'sqlmesh.migrations.v0065_add_model_optimize' from '/workspaces/sql_mesh_test_duckdb/.venv/lib/python3.11/site-packages/sqlmesh/migrations/v0065_add_model_optimize.py'> (engine_adapter.py:1443)
2024-12-31 15:03:04,304 - MainThread - sqlmesh.core.state_sync.engine_adapter - INFO - Applying migration <module 'sqlmesh.migrations.v0066_add_auto_restatements' from '/workspaces/sql_mesh_test_duckdb/.venv/lib/python3.11/site-packages/sqlmesh/migrations/v0066_add_auto_restatements.py'> (engine_adapter.py:1443)
2024-12-31 15:03:04,317 - MainThread - sqlmesh.core.state_sync.engine_adapter - INFO - Fetching environments (engine_adapter.py:1452)
2024-12-31 15:03:04,319 - MainThread - sqlmesh.core.state_sync.engine_adapter - INFO - Migrating snapshot rows... (engine_adapter.py:1469)
2024-12-31 15:03:04,322 - MainThread - sqlmesh.core.state_sync.engine_adapter - INFO - No changes to snapshots detected (engine_adapter.py:1462)
2024-12-31 15:04:25,598 - MainThread - sqlmesh.core.snapshot.evaluator - INFO - Listing data objects in schema db.sqlmesh__sqlmesh_example (evaluator.py:303)
2024-12-31 15:04:25,598 - MainThread - sqlmesh.core.engine_adapter.base - INFO - Executing SQL: SELECT CURRENT_CATALOG() (base.py:2070)
2024-12-31 15:04:25,600 - MainThread - sqlmesh.core.engine_adapter.base - INFO - Executing SQL: SELECT CURRENT_CATALOG() (base.py:2070)
2024-12-31 15:04:25,604 - MainThread - sqlmesh.core.engine_adapter.base - INFO - Executing SQL: SELECT table_name AS name, table_schema AS schema, CASE table_type WHEN 'BASE TABLE' THEN 'table' WHEN 'VIEW' THEN 'view' WHEN 'LOCAL TEMPORARY' THEN 'table' END AS type FROM information_schema.tables WHERE (table_catalog = 'db' AND table_schema = 'sqlmesh__sqlmesh_example') AND table_name IN ('sqlmesh_example__full_model__2278521865', 'sqlmesh_example__seed_model__2185867172', 'sqlmesh_example__incremental_model__1880815781') (base.py:2070)
2024-12-31 15:04:25,626 - MainThread - sqlmesh.core.snapshot.evaluator - INFO - Creating schema 'db.sqlmesh__sqlmesh_example' (evaluator.py:976)
2024-12-31 15:04:25,627 - MainThread - sqlmesh.core.engine_adapter.base - INFO - Executing SQL: CREATE SCHEMA IF NOT EXISTS "db"."sqlmesh__sqlmesh_example" (base.py:2070)
2024-12-31 15:04:25,633 - MainThread - sqlmesh.core.snapshot.evaluator - INFO - Creating table 'db.sqlmesh__sqlmesh_example.sqlmesh_example__seed_model__2185867172' (evaluator.py:1281)
2024-12-31 15:04:25,635 - MainThread - sqlmesh.core.engine_adapter.base - INFO - Executing SQL: CREATE TABLE IF NOT EXISTS "db"."sqlmesh__sqlmesh_example"."sqlmesh_example__seed_model__2185867172" ("id" INT, "item_id" INT, "event_date" DATE) (base.py:2070)
2024-12-31 15:04:25,668 - MainThread - sqlmesh.core.engine_adapter.base - INFO - Executing SQL: CREATE OR REPLACE TABLE "db"."sqlmesh__sqlmesh_example"."sqlmesh_example__seed_model__2185867172" AS SELECT CAST("id" AS INT) AS "id", CAST("item_id" AS INT) AS "item_id", CAST("event_date" AS DATE) AS "event_date" FROM (SELECT "id", "item_id", "event_date" FROM "db"."sqlmesh__sqlmesh_example"."__temp_sqlmesh_example__seed_model__2185867172_bkd9spmu") AS "_subquery" (base.py:2070)
2024-12-31 15:04:25,675 - MainThread - sqlmesh.core.engine_adapter.base - INFO - Executing SQL: DROP TABLE IF EXISTS "db"."sqlmesh__sqlmesh_example"."__temp_sqlmesh_example__seed_model__2185867172_bkd9spmu" (base.py:2070)
2024-12-31 15:04:25,704 - MainThread - sqlmesh.core.snapshot.evaluator - INFO - Creating table 'db.sqlmesh__sqlmesh_example.sqlmesh_example__incremental_model__1880815781' (evaluator.py:1281)
2024-12-31 15:04:25,707 - MainThread - sqlmesh.core.engine_adapter.base - INFO - Executing SQL: CREATE TABLE IF NOT EXISTS "db"."sqlmesh__sqlmesh_example"."sqlmesh_example__incremental_model__1880815781" ("id" INT, "item_id" INT, "event_date" DATE) (base.py:2070)
2024-12-31 15:04:25,713 - MainThread - sqlmesh.core.snapshot.evaluator - INFO - Dry running model 'sqlmesh_example.incremental_model' (evaluator.py:1303)
2024-12-31 15:04:25,715 - MainThread - sqlmesh.core.engine_adapter.base - INFO - Executing SQL: SELECT "seed_model"."id" AS "id", "seed_model"."item_id" AS "item_id", "seed_model"."event_date" AS "event_date" FROM "db"."sqlmesh__sqlmesh_example"."sqlmesh_example__seed_model__2185867172" AS "seed_model" WHERE ("seed_model"."event_date" <= CAST('1970-01-01' AS DATE) AND "seed_model"."event_date" >= CAST('1970-01-01' AS DATE)) AND FALSE LIMIT 0 (base.py:2070)
2024-12-31 15:04:25,730 - MainThread - sqlmesh.core.snapshot.evaluator - INFO - Creating table 'db.sqlmesh__sqlmesh_example.sqlmesh_example__full_model__2278521865' (evaluator.py:1281)
2024-12-31 15:04:25,732 - MainThread - sqlmesh.core.engine_adapter.base - INFO - Executing SQL: CREATE TABLE IF NOT EXISTS "db"."sqlmesh__sqlmesh_example"."sqlmesh_example__full_model__2278521865" ("item_id" INT, "num_orders" BIGINT) (base.py:2070)
2024-12-31 15:04:25,736 - MainThread - sqlmesh.core.snapshot.evaluator - INFO - Dry running model 'sqlmesh_example.full_model' (evaluator.py:1303)
2024-12-31 15:04:25,737 - MainThread - sqlmesh.core.engine_adapter.base - INFO - Executing SQL: SELECT "incremental_model"."item_id" AS "item_id", COUNT(DISTINCT "incremental_model"."id") AS "num_orders" FROM "db"."sqlmesh__sqlmesh_example"."sqlmesh_example__incremental_model__1880815781" AS "incremental_model" WHERE FALSE GROUP BY "incremental_model"."item_id" LIMIT 0 (base.py:2070)
2024-12-31 15:04:25,957 - MainThread - sqlmesh.core.state_sync.engine_adapter - INFO - Adding interval (2024-12-30 00:00:00, 2024-12-31 00:00:00) for snapshot SnapshotId<"db"."sqlmesh_example"."seed_model": 3069710354> (engine_adapter.py:1006)
2024-12-31 15:04:25,994 - MainThread - sqlmesh.core.snapshot.evaluator - INFO - Evaluating snapshot SnapshotId<"db"."sqlmesh_example"."incremental_model": 3538307514> (evaluator.py:564)
2024-12-31 15:04:26,010 - MainThread - sqlmesh.core.snapshot.evaluator - INFO - Inserting batch (2020-01-01 00:00:00, 2024-12-31 00:00:00) into db.sqlmesh__sqlmesh_example.sqlmesh_example__incremental_model__1880815781' (evaluator.py:595)
2024-12-31 15:04:26,012 - MainThread - sqlmesh.core.engine_adapter.base - INFO - Executing SQL: DELETE FROM "db"."sqlmesh__sqlmesh_example"."sqlmesh_example__incremental_model__1880815781" WHERE "event_date" BETWEEN CAST('2020-01-01' AS DATE) AND CAST('2024-12-30' AS DATE) (base.py:2070)
2024-12-31 15:04:26,016 - MainThread - sqlmesh.core.engine_adapter.base - INFO - Executing SQL: INSERT INTO "db"."sqlmesh__sqlmesh_example"."sqlmesh_example__incremental_model__1880815781" ("id", "item_id", "event_date") SELECT "id", "item_id", "event_date" FROM (SELECT "seed_model"."id" AS "id", "seed_model"."item_id" AS "item_id", "seed_model"."event_date" AS "event_date" FROM "db"."sqlmesh__sqlmesh_example"."sqlmesh_example__seed_model__2185867172" AS "seed_model" WHERE "seed_model"."event_date" <= CAST('2024-12-30' AS DATE) AND "seed_model"."event_date" >= CAST('2020-01-01' AS DATE)) AS "_subquery" WHERE "event_date" BETWEEN CAST('2020-01-01' AS DATE) AND CAST('2024-12-30' AS DATE) (base.py:2070)
2024-12-31 15:04:26,024 - MainThread - sqlmesh.core.state_sync.engine_adapter - INFO - Adding interval (2020-01-01 00:00:00, 2024-12-31 00:00:00) for snapshot SnapshotId<"db"."sqlmesh_example"."incremental_model": 3538307514> (engine_adapter.py:1006)
2024-12-31 15:04:26,157 - MainThread - sqlmesh.core.snapshot.evaluator - INFO - Evaluating snapshot SnapshotId<"db"."sqlmesh_example"."full_model": 3336183284> (evaluator.py:564)
2024-12-31 15:04:26,177 - MainThread - sqlmesh.core.snapshot.evaluator - INFO - Inserting batch (2024-12-30 00:00:00, 2024-12-31 00:00:00) into db.sqlmesh__sqlmesh_example.sqlmesh_example__full_model__2278521865' (evaluator.py:595)
2024-12-31 15:04:26,183 - MainThread - sqlmesh.core.engine_adapter.base - INFO - Executing SQL: CREATE OR REPLACE TABLE "db"."sqlmesh__sqlmesh_example"."sqlmesh_example__full_model__2278521865" AS SELECT CAST("item_id" AS INT) AS "item_id", CAST("num_orders" AS BIGINT) AS "num_orders" FROM (SELECT "incremental_model"."item_id" AS "item_id", COUNT(DISTINCT "incremental_model"."id") AS "num_orders" FROM "db"."sqlmesh__sqlmesh_example"."sqlmesh_example__incremental_model__1880815781" AS "incremental_model" GROUP BY "incremental_model"."item_id") AS "_subquery" (base.py:2070)
2024-12-31 15:04:26,214 - MainThread - sqlmesh.core.snapshot.evaluator - INFO - Auditing snapshot SnapshotId<"db"."sqlmesh_example"."full_model": 3336183284> (evaluator.py:482)
2024-12-31 15:04:26,215 - MainThread - sqlmesh.core.engine_adapter.base - INFO - Executing SQL: DESCRIBE "db"."sqlmesh__sqlmesh_example"."sqlmesh_example__full_model__2278521865" (base.py:2070)
2024-12-31 15:04:26,224 - MainThread - sqlmesh.core.engine_adapter.base - INFO - Executing SQL: SELECT COUNT(*) FROM (SELECT * FROM (SELECT * FROM "db"."sqlmesh__sqlmesh_example"."sqlmesh_example__full_model__2278521865" AS "sqlmesh_example__full_model__2278521865") AS "_q_0" WHERE "item_id" < 0) AS "audit" (base.py:2070)
2024-12-31 15:04:26,226 - MainThread - sqlmesh.core.state_sync.engine_adapter - INFO - Adding interval (2024-12-30 00:00:00, 2024-12-31 00:00:00) for snapshot SnapshotId<"db"."sqlmesh_example"."full_model": 3336183284> (engine_adapter.py:1006)
2024-12-31 15:04:26,263 - MainThread - sqlmesh.core.state_sync.engine_adapter - INFO - Promoting environment 'prod' (engine_adapter.py:276)
2024-12-31 15:04:26,319 - MainThread - sqlmesh.core.state_sync.engine_adapter - INFO - Unpausing snapshot SnapshotId<"db"."sqlmesh_example"."seed_model": 3069710354> (engine_adapter.py:445)
2024-12-31 15:04:26,320 - MainThread - sqlmesh.core.state_sync.engine_adapter - INFO - Unpausing snapshot SnapshotId<"db"."sqlmesh_example"."full_model": 3336183284> (engine_adapter.py:445)
2024-12-31 15:04:26,320 - MainThread - sqlmesh.core.state_sync.engine_adapter - INFO - Unpausing snapshot SnapshotId<"db"."sqlmesh_example"."incremental_model": 3538307514> (engine_adapter.py:445)
2024-12-31 15:04:26,333 - MainThread - sqlmesh.core.snapshot.evaluator - INFO - Creating schema 'db.sqlmesh_example' (evaluator.py:976)
2024-12-31 15:04:26,334 - MainThread - sqlmesh.core.engine_adapter.base - INFO - Executing SQL: CREATE SCHEMA IF NOT EXISTS "db"."sqlmesh_example" (base.py:2070)
2024-12-31 15:04:26,340 - MainThread - sqlmesh.core.snapshot.evaluator - INFO - Updating view 'db.sqlmesh_example.seed_model' to point at table 'db.sqlmesh__sqlmesh_example.sqlmesh_example__seed_model__2185867172' (evaluator.py:1247)
2024-12-31 15:04:26,341 - MainThread - sqlmesh.core.engine_adapter.base - INFO - Executing SQL: CREATE OR REPLACE VIEW "db"."sqlmesh_example"."seed_model" AS SELECT * FROM "db"."sqlmesh__sqlmesh_example"."sqlmesh_example__seed_model__2185867172" (base.py:2070)
2024-12-31 15:04:26,348 - MainThread - sqlmesh.core.snapshot.evaluator - INFO - Updating view 'db.sqlmesh_example.incremental_model' to point at table 'db.sqlmesh__sqlmesh_example.sqlmesh_example__incremental_model__1880815781' (evaluator.py:1247)
2024-12-31 15:04:26,350 - MainThread - sqlmesh.core.engine_adapter.base - INFO - Executing SQL: CREATE OR REPLACE VIEW "db"."sqlmesh_example"."incremental_model" AS SELECT * FROM "db"."sqlmesh__sqlmesh_example"."sqlmesh_example__incremental_model__1880815781" (base.py:2070)
2024-12-31 15:04:26,358 - MainThread - sqlmesh.core.snapshot.evaluator - INFO - Updating view 'db.sqlmesh_example.full_model' to point at table 'db.sqlmesh__sqlmesh_example.sqlmesh_example__full_model__2278521865' (evaluator.py:1247)
2024-12-31 15:04:26,359 - MainThread - sqlmesh.core.engine_adapter.base - INFO - Executing SQL: CREATE OR REPLACE VIEW "db"."sqlmesh_example"."full_model" AS SELECT * FROM "db"."sqlmesh__sqlmesh_example"."sqlmesh_example__full_model__2278521865" (base.py:2070)
2024-12-31 15:04:26,368 - MainThread - sqlmesh.core.state_sync.engine_adapter - INFO - Finalizing environment 'prod' (engine_adapter.py:397)
2024-12-31 15:04:26,441 - MainThread - root - INFO - Shutting down the event dispatcher (dispatcher.py:159)
